#
# There is insufficient memory for the Java Runtime Environment to continue.
# Native memory allocation (mmap) failed to map 62914560 bytes for committing reserved memory.
# Possible reasons:
#   The system is out of physical RAM or swap space
#   In 32 bit mode, the process size limit was hit
# Possible solutions:
#   Reduce memory load on the system
#   Increase physical memory or swap space
#   Check if swap backing store is full
#   Use 64 bit Java on a 64 bit OS
#   Decrease Java heap size (-Xmx/-Xms)
#   Decrease number of Java threads
#   Decrease Java thread stack sizes (-Xss)
#   Set larger code cache with -XX:ReservedCodeCacheSize=
# This output file may be truncated or incomplete.
#
#  Out of Memory Error (os_linux.cpp:2630), pid=1, tid=0x00007f92dc6f6700
#
# JRE version: OpenJDK Runtime Environment (8.0_111-b14) (build 1.8.0_111-8u111-b14-2~bpo8+1-b14)
# Java VM: OpenJDK 64-Bit Server VM (25.111-b14 mixed mode linux-amd64 compressed oops)
# Failed to write core dump. Core dumps have been disabled. To enable core dumping, try "ulimit -c unlimited" before starting Java again
#

---------------  T H R E A D  ---------------

Current thread (0x00007f92ec0fa000):  VMThread [stack: 0x00007f92dc5f6000,0x00007f92dc6f7000] [id=8]

Stack: [0x00007f92dc5f6000,0x00007f92dc6f7000],  sp=0x00007f92dc6f54c0,  free space=1021k
Native frames: (J=compiled Java code, j=interpreted, Vv=VM code, C=native code)
V  [libjvm.so+0xa95c0d]
V  [libjvm.so+0x4ea37c]
V  [libjvm.so+0x8e21c0]
V  [libjvm.so+0x8dc8ae]
V  [libjvm.so+0x9593fb]
V  [libjvm.so+0x95a763]
V  [libjvm.so+0x95725e]
V  [libjvm.so+0x95754c]
V  [libjvm.so+0x907ee3]
V  [libjvm.so+0xa97842]
V  [libjvm.so+0xa9c3d7]
V  [libjvm.so+0xa9a6f7]
V  [libjvm.so+0xa9af27]
V  [libjvm.so+0xa9b471]
V  [libjvm.so+0x8df692]

VM_Operation (0x00007f92f5089af0): ParallelGCFailedAllocation, mode: safepoint, requested by thread 0x00007f92ec009800


---------------  P R O C E S S  ---------------

Java Threads: ( => current thread )
  0x00007f92ec136800 JavaThread "Service Thread" daemon [_thread_blocked, id=14, stack(0x00007f92d433e000,0x00007f92d443f000)]
  0x00007f92ec134000 JavaThread "C1 CompilerThread1" daemon [_thread_blocked, id=13, stack(0x00007f92d443f000,0x00007f92d4540000)]
  0x00007f92ec131000 JavaThread "C2 CompilerThread0" daemon [_thread_blocked, id=12, stack(0x00007f92dc083000,0x00007f92dc184000)]
  0x00007f92ec12f000 JavaThread "Signal Dispatcher" daemon [_thread_blocked, id=11, stack(0x00007f92dc184000,0x00007f92dc285000)]
  0x00007f92ec106800 JavaThread "Finalizer" daemon [_thread_blocked, id=10, stack(0x00007f92dc3f4000,0x00007f92dc4f5000)]
  0x00007f92ec101800 JavaThread "Reference Handler" daemon [_thread_blocked, id=9, stack(0x00007f92dc4f5000,0x00007f92dc5f6000)]
  0x00007f92ec009800 JavaThread "main" [_thread_blocked, id=5, stack(0x00007f92f4f90000,0x00007f92f5091000)]

Other Threads:
=>0x00007f92ec0fa000 VMThread [stack: 0x00007f92dc5f6000,0x00007f92dc6f7000] [id=8]
  0x00007f92ec13d800 WatcherThread [stack: 0x00007f92d423d000,0x00007f92d433e000] [id=15]

VM state:at safepoint (normal execution)

VM Mutex/Monitor currently owned by a thread:  ([mutex/lock_event])
[0x00007f92ec006090] Threads_lock - owner thread: 0x00007f92ec0fa000
[0x00007f92ec006590] Heap_lock - owner thread: 0x00007f92ec009800

Heap:
 PSYoungGen      total 66048K, used 4602K [0x00000000d8d80000, 0x00000000dd280000, 0x0000000100000000)
  eden space 61440K, 0% used [0x00000000d8d80000,0x00000000d8d80000,0x00000000dc980000)
  from space 4608K, 99% used [0x00000000dc980000,0x00000000dcdfe8c0,0x00000000dce00000)
  to   space 4608K, 0% used [0x00000000dce00000,0x00000000dce00000,0x00000000dd280000)
 ParOldGen       total 80896K, used 81K [0x000000008a800000, 0x000000008f700000, 0x00000000d8d80000)
  object space 80896K, 0% used [0x000000008a800000,0x000000008a8145d0,0x000000008f700000)
 Metaspace       used 9600K, capacity 9800K, committed 9856K, reserved 1058816K
  class space    used 1054K, capacity 1116K, committed 1152K, reserved 1048576K

Card table byte_map: [0x00007f92f12db000,0x00007f92f1688000] byte_map_base: 0x00007f92f0e87000

Marking Bits: (ParMarkBitMap*) 0x00007f92f426b340
 Begin Bits: [0x00007f92d4540000, 0x00007f92d62a0000)
 End Bits:   [0x00007f92d62a0000, 0x00007f92d8000000)

Polling page: 0x00007f92f509b000

CodeCache: size=245760Kb used=3722Kb max_used=3735Kb free=242037Kb
 bounds [0x00007f92dd000000, 0x00007f92dd3b0000, 0x00007f92ec000000]
 total_blobs=1242 nmethods=947 adapters=211
 compilation: enabled

Compilation events (10 events):
Event: 2.822 Thread 0x00007f92ec134000  945       3       java.util.StringTokenizer::nextToken (92 bytes)
Event: 2.822 Thread 0x00007f92ec134000 nmethod 945 0x00007f92dd39d290 code [0x00007f92dd39d440, 0x00007f92dd39d878]
Event: 2.822 Thread 0x00007f92ec134000  946       3       java.util.StringTokenizer::hasMoreTokens (29 bytes)
Event: 2.823 Thread 0x00007f92ec134000 nmethod 946 0x00007f92dd39cdd0 code [0x00007f92dd39cf40, 0x00007f92dd39d148]
Event: 2.938 Thread 0x00007f92ec131000  947       4       java.util.Calendar::set (72 bytes)
Event: 2.948 Thread 0x00007f92ec134000  949       3       java.util.HashMap::tableSizeFor (59 bytes)
Event: 2.950 Thread 0x00007f92ec134000 nmethod 949 0x00007f92dd3a3690 code [0x00007f92dd3a3800, 0x00007f92dd3a3a10]
Event: 2.986 Thread 0x00007f92ec131000 nmethod 947 0x00007f92dd3a6850 code [0x00007f92dd3a69c0, 0x00007f92dd3a6b88]
Event: 2.986 Thread 0x00007f92ec131000  948       4       org.springframework.boot.loader.data.RandomAccessDataFile$DataInputStream::<init> (45 bytes)
Event: 3.015 Thread 0x00007f92ec131000 nmethod 948 0x00007f92dd3a4350 code [0x00007f92dd3a4500, 0x00007f92dd3a4d18]

GC Heap History (5 events):
Event: 1.548 GC heap before
{Heap before GC invocations=1 (full 0):
 PSYoungGen      total 35328K, used 30720K [0x00000000d8d80000, 0x00000000db480000, 0x0000000100000000)
  eden space 30720K, 100% used [0x00000000d8d80000,0x00000000dab80000,0x00000000dab80000)
  from space 4608K, 0% used [0x00000000db000000,0x00000000db000000,0x00000000db480000)
  to   space 4608K, 0% used [0x00000000dab80000,0x00000000dab80000,0x00000000db000000)
 ParOldGen       total 80896K, used 0K [0x000000008a800000, 0x000000008f700000, 0x00000000d8d80000)
  object space 80896K, 0% used [0x000000008a800000,0x000000008a800000,0x000000008f700000)
 Metaspace       used 4939K, capacity 5228K, committed 5504K, reserved 1056768K
  class space    used 534K, capacity 600K, committed 640K, reserved 1048576K
Event: 1.572 GC heap after
Heap after GC invocations=1 (full 0):
 PSYoungGen      total 35328K, used 1926K [0x00000000d8d80000, 0x00000000dd280000, 0x0000000100000000)
  eden space 30720K, 0% used [0x00000000d8d80000,0x00000000d8d80000,0x00000000dab80000)
  from space 4608K, 41% used [0x00000000dab80000,0x00000000dad61970,0x00000000db000000)
  to   space 4608K, 0% used [0x00000000dce00000,0x00000000dce00000,0x00000000dd280000)
 ParOldGen       total 80896K, used 8K [0x000000008a800000, 0x000000008f700000, 0x00000000d8d80000)
  object space 80896K, 0% used [0x000000008a800000,0x000000008a802000,0x000000008f700000)
 Metaspace       used 4939K, capacity 5228K, committed 5504K, reserved 1056768K
  class space    used 534K, capacity 600K, committed 640K, reserved 1048576K
}
Event: 2.278 GC heap before
{Heap before GC invocations=2 (full 0):
 PSYoungGen      total 35328K, used 32646K [0x00000000d8d80000, 0x00000000dd280000, 0x0000000100000000)
  eden space 30720K, 100% used [0x00000000d8d80000,0x00000000dab80000,0x00000000dab80000)
  from space 4608K, 41% used [0x00000000dab80000,0x00000000dad61970,0x00000000db000000)
  to   space 4608K, 0% used [0x00000000dce00000,0x00000000dce00000,0x00000000dd280000)
 ParOldGen       total 80896K, used 8K [0x000000008a800000, 0x000000008f700000, 0x00000000d8d80000)
  object space 80896K, 0% used [0x000000008a800000,0x000000008a802000,0x000000008f700000)
 Metaspace       used 6722K, capacity 6850K, committed 7040K, reserved 1056768K
  class space    used 752K, capacity 795K, committed 896K, reserved 1048576K
Event: 2.284 GC heap after
Heap after GC invocations=2 (full 0):
 PSYoungGen      total 66048K, used 2611K [0x00000000d8d80000, 0x00000000dd280000, 0x0000000100000000)
  eden space 61440K, 0% used [0x00000000d8d80000,0x00000000d8d80000,0x00000000dc980000)
  from space 4608K, 56% used [0x00000000dce00000,0x00000000dd08cc70,0x00000000dd280000)
  to   space 4608K, 0% used [0x00000000dc980000,0x00000000dc980000,0x00000000dce00000)
 ParOldGen       total 80896K, used 16K [0x000000008a800000, 0x000000008f700000, 0x00000000d8d80000)
  object space 80896K, 0% used [0x000000008a800000,0x000000008a804000,0x000000008f700000)
 Metaspace       used 6722K, capacity 6850K, committed 7040K, reserved 1056768K
  class space    used 752K, capacity 795K, committed 896K, reserved 1048576K
}
Event: 3.094 GC heap before
{Heap before GC invocations=3 (full 0):
 PSYoungGen      total 66048K, used 64051K [0x00000000d8d80000, 0x00000000dd280000, 0x0000000100000000)
  eden space 61440K, 100% used [0x00000000d8d80000,0x00000000dc980000,0x00000000dc980000)
  from space 4608K, 56% used [0x00000000dce00000,0x00000000dd08cc70,0x00000000dd280000)
  to   space 4608K, 0% used [0x00000000dc980000,0x00000000dc980000,0x00000000dce00000)
 ParOldGen       total 80896K, used 16K [0x000000008a800000, 0x000000008f700000, 0x00000000d8d80000)
  object space 80896K, 0% used [0x000000008a800000,0x000000008a804000,0x000000008f700000)
 Metaspace       used 9600K, capacity 9800K, committed 9856K, reserved 1058816K
  class space    used 1054K, capacity 1116K, committed 1152K, reserved 1048576K

Deoptimization events (9 events):
Event: 0.747 Thread 0x00007f92ec009800 Uncommon trap: reason=unstable_if action=reinterpret pc=0x00007f92dd16f9ac method=org.springframework.boot.loader.jar.JarFile$1.visitFileHeader(Lorg/springframework/boot/loader/jar/CentralDirectoryFileHeader;I)V @ 22
Event: 1.092 Thread 0x00007f92ec009800 Uncommon trap: reason=unstable_if action=reinterpret pc=0x00007f92dd1781d4 method=org.springframework.boot.loader.jar.CentralDirectoryFileHeader.load([BILorg/springframework/boot/loader/data/RandomAccessData;ILorg/springframework/boot/loader/jar/JarEntryF
Event: 1.229 Thread 0x00007f92ec009800 Uncommon trap: reason=unstable_if action=reinterpret pc=0x00007f92dd1fb914 method=sun.net.www.ParseUtil.encodePath(Ljava/lang/String;Z)Ljava/lang/String; @ 116
Event: 1.426 Thread 0x00007f92ec009800 Uncommon trap: reason=unstable_if action=reinterpret pc=0x00007f92dd207c0c method=java.lang.CharacterDataLatin1.toUpperCase(I)I @ 12
Event: 1.427 Thread 0x00007f92ec009800 Uncommon trap: reason=predicate action=maybe_recompile pc=0x00007f92dd219854 method=sun.net.www.ParseUtil.encodePath(Ljava/lang/String;Z)Ljava/lang/String; @ 36
Event: 1.702 Thread 0x00007f92ec009800 Uncommon trap: reason=unstable_if action=reinterpret pc=0x00007f92dd2534d4 method=java.lang.CharacterDataLatin1.toUpperCase(I)I @ 12
Event: 2.332 Thread 0x00007f92ec009800 Uncommon trap: reason=range_check action=make_not_entrant pc=0x00007f92dd339c40 method=sun.reflect.generics.parser.SignatureParser.current()C @ 34
Event: 2.384 Thread 0x00007f92ec009800 Uncommon trap: reason=unstable_if action=reinterpret pc=0x00007f92dd2bbf8c method=java.lang.String.replace(CC)Ljava/lang/String; @ 26
Event: 2.527 Thread 0x00007f92ec009800 Uncommon trap: reason=unstable_if action=reinterpret pc=0x00007f92dd2cf45c method=java.util.HashMap.getNode(ILjava/lang/Object;)Ljava/util/HashMap$Node; @ 129

Internal exceptions (10 events):
Event: 2.318 Thread 0x00007f92ec009800 Exception <a 'java/lang/ArrayIndexOutOfBoundsException'> (0x00000000d90e8f08) thrown at [/tmp/buildd/openjdk-8-8u111-b14/src/hotspot/src/share/vm/runtime/sharedRuntime.cpp, line 605]
Event: 2.332 Thread 0x00007f92ec009800 Exception <a 'java/lang/ArrayIndexOutOfBoundsException': 179> (0x00000000d91644f0) thrown at [/tmp/buildd/openjdk-8-8u111-b14/src/hotspot/src/share/vm/interpreter/interpreterRuntime.cpp, line 366]
Event: 2.333 Thread 0x00007f92ec009800 Exception <a 'java/lang/ArrayIndexOutOfBoundsException': 145> (0x00000000d91664e0) thrown at [/tmp/buildd/openjdk-8-8u111-b14/src/hotspot/src/share/vm/interpreter/interpreterRuntime.cpp, line 366]
Event: 2.335 Thread 0x00007f92ec009800 Exception <a 'java/lang/ArrayIndexOutOfBoundsException': 149> (0x00000000d9168438) thrown at [/tmp/buildd/openjdk-8-8u111-b14/src/hotspot/src/share/vm/interpreter/interpreterRuntime.cpp, line 366]
Event: 2.335 Thread 0x00007f92ec009800 Exception <a 'java/lang/ArrayIndexOutOfBoundsException': 149> (0x00000000d916a740) thrown at [/tmp/buildd/openjdk-8-8u111-b14/src/hotspot/src/share/vm/interpreter/interpreterRuntime.cpp, line 366]
Event: 2.336 Thread 0x00007f92ec009800 Exception <a 'java/lang/ArrayIndexOutOfBoundsException': 261> (0x00000000d91a22d8) thrown at [/tmp/buildd/openjdk-8-8u111-b14/src/hotspot/src/share/vm/interpreter/interpreterRuntime.cpp, line 366]
Event: 2.338 Thread 0x00007f92ec009800 Exception <a 'java/lang/ArrayIndexOutOfBoundsException': 126> (0x00000000d91d9220) thrown at [/tmp/buildd/openjdk-8-8u111-b14/src/hotspot/src/share/vm/interpreter/interpreterRuntime.cpp, line 366]
Event: 2.339 Thread 0x00007f92ec009800 Exception <a 'java/lang/ArrayIndexOutOfBoundsException': 179> (0x00000000d91db690) thrown at [/tmp/buildd/openjdk-8-8u111-b14/src/hotspot/src/share/vm/interpreter/interpreterRuntime.cpp, line 366]
Event: 2.339 Thread 0x00007f92ec009800 Exception <a 'java/lang/ArrayIndexOutOfBoundsException': 133> (0x00000000d91dd540) thrown at [/tmp/buildd/openjdk-8-8u111-b14/src/hotspot/src/share/vm/interpreter/interpreterRuntime.cpp, line 366]
Event: 2.424 Thread 0x00007f92ec009800 Exception <a 'java/io/FileNotFoundException'> (0x00000000d9861810) thrown at [/tmp/buildd/openjdk-8-8u111-b14/src/hotspot/src/share/vm/prims/jni.cpp, line 709]

Events (10 events):
Event: 3.066 loading class com/fasterxml/jackson/databind/deser/KeyDeserializers done
Event: 3.066 loading class com/fasterxml/jackson/databind/deser/std/StdKeyDeserializers
Event: 3.066 loading class com/fasterxml/jackson/databind/deser/std/StdKeyDeserializers done
Event: 3.068 loading class com/fasterxml/jackson/databind/KeyDeserializer
Event: 3.068 loading class com/fasterxml/jackson/databind/KeyDeserializer done
Event: 3.069 loading class com/fasterxml/jackson/databind/deser/std/StdKeyDeserializer
Event: 3.069 loading class com/fasterxml/jackson/databind/deser/std/StdKeyDeserializer done
Event: 3.070 loading class com/fasterxml/jackson/databind/deser/std/StdKeyDeserializer$StringCtorKeyDeserializer
Event: 3.070 loading class com/fasterxml/jackson/databind/deser/std/StdKeyDeserializer$StringCtorKeyDeserializer done
Event: 3.082 Executing VM operation: ParallelGCFailedAllocation


Dynamic libraries:
00400000-00401000 r-xp 00000000 00:7c 35                                 /usr/lib/jvm/java-8-openjdk-amd64/jre/bin/java
00600000-00601000 r--p 00000000 00:7c 35                                 /usr/lib/jvm/java-8-openjdk-amd64/jre/bin/java
00601000-00602000 rw-p 00001000 00:7c 35                                 /usr/lib/jvm/java-8-openjdk-amd64/jre/bin/java
0161c000-0163d000 rw-p 00000000 00:00 0                                  [heap]
8a800000-8f700000 rw-p 00000000 00:00 0 
8f700000-d8d80000 ---p 00000000 00:00 0 
d8d80000-dd280000 rw-p 00000000 00:00 0 
e0e80000-100000000 ---p 00000000 00:00 0 
100000000-100120000 rw-p 00000000 00:00 0 
100120000-140000000 ---p 00000000 00:00 0 
7f92b0000000-7f92b0021000 rw-p 00000000 00:00 0 
7f92b0021000-7f92b4000000 ---p 00000000 00:00 0 
7f92b4000000-7f92b4021000 rw-p 00000000 00:00 0 
7f92b4021000-7f92b8000000 ---p 00000000 00:00 0 
7f92b8000000-7f92b8404000 rw-p 00000000 00:00 0 
7f92b8404000-7f92bc000000 ---p 00000000 00:00 0 
7f92bc000000-7f92bc3a4000 rw-p 00000000 00:00 0 
7f92bc3a4000-7f92c0000000 ---p 00000000 00:00 0 
7f92c0000000-7f92c0021000 rw-p 00000000 00:00 0 
7f92c0021000-7f92c4000000 ---p 00000000 00:00 0 
7f92c4000000-7f92c4021000 rw-p 00000000 00:00 0 
7f92c4021000-7f92c8000000 ---p 00000000 00:00 0 
7f92c8000000-7f92c8021000 rw-p 00000000 00:00 0 
7f92c8021000-7f92cc000000 ---p 00000000 00:00 0 
7f92cc000000-7f92cc021000 rw-p 00000000 00:00 0 
7f92cc021000-7f92d0000000 ---p 00000000 00:00 0 
7f92d0000000-7f92d0021000 rw-p 00000000 00:00 0 
7f92d0021000-7f92d4000000 ---p 00000000 00:00 0 
7f92d403d000-7f92d40bd000 rw-p 00000000 00:00 0 
7f92d40bd000-7f92d423d000 ---p 00000000 00:00 0 
7f92d423d000-7f92d423e000 ---p 00000000 00:00 0 
7f92d423e000-7f92d433e000 rw-p 00000000 00:00 0                          [stack:28951]
7f92d433e000-7f92d4341000 ---p 00000000 00:00 0 
7f92d4341000-7f92d443f000 rw-p 00000000 00:00 0                          [stack:28950]
7f92d443f000-7f92d4442000 ---p 00000000 00:00 0 
7f92d4442000-7f92d8000000 rw-p 00000000 00:00 0                          [stack:28949]
7f92d8000000-7f92d8021000 rw-p 00000000 00:00 0 
7f92d8021000-7f92dc000000 ---p 00000000 00:00 0 
7f92dc083000-7f92dc086000 ---p 00000000 00:00 0 
7f92dc086000-7f92dc184000 rw-p 00000000 00:00 0                          [stack:28948]
7f92dc184000-7f92dc187000 ---p 00000000 00:00 0 
7f92dc187000-7f92dc285000 rw-p 00000000 00:00 0                          [stack:28947]
7f92dc285000-7f92dc3f4000 r--p 00000000 00:7c 107                        /usr/lib/locale/C.UTF-8/LC_COLLATE
7f92dc3f4000-7f92dc3f7000 ---p 00000000 00:00 0 
7f92dc3f7000-7f92dc4f5000 rw-p 00000000 00:00 0                          [stack:28946]
7f92dc4f5000-7f92dc4f8000 ---p 00000000 00:00 0 
7f92dc4f8000-7f92dc5f6000 rw-p 00000000 00:00 0                          [stack:28945]
7f92dc5f6000-7f92dc5f7000 ---p 00000000 00:00 0 
7f92dc5f7000-7f92dd000000 rw-p 00000000 00:00 0                          [stack:28944]
7f92dd000000-7f92dd3b0000 rwxp 00000000 00:00 0 
7f92dd3b0000-7f92ec000000 ---p 00000000 00:00 0 
7f92ec000000-7f92ed54a000 rw-p 00000000 00:00 0 
7f92ed54a000-7f92f0000000 ---p 00000000 00:00 0 
7f92f0005000-7f92f000b000 r--s 02a55000 ca:01 290954                     /app/target/eurekaserver-0.0.1-SNAPSHOT.jar
7f92f000b000-7f92f0026000 r--s 00394000 00:7c 124                        /usr/lib/jvm/java-8-openjdk-amd64/jre/lib/ext/cldrdata.jar
7f92f0026000-7f92f002b000 r--s 0003b000 00:7c 123                        /usr/lib/jvm/java-8-openjdk-amd64/jre/lib/ext/sunjce_provider.jar
7f92f002b000-7f92f0035000 r--s 00116000 00:7c 122                        /usr/lib/jvm/java-8-openjdk-amd64/jre/lib/ext/localedata.jar
7f92f0035000-7f92f0050000 r--s 001d5000 00:7c 121                        /usr/lib/jvm/java-8-openjdk-amd64/jre/lib/ext/nashorn.jar
7f92f0050000-7f92f0076000 r--p 00000000 00:7c 110                        /usr/lib/locale/C.UTF-8/LC_CTYPE
7f92f0076000-7f92f0244000 r--s 03bf1000 00:7c 87                         /usr/lib/jvm/java-8-openjdk-amd64/jre/lib/rt.jar
7f92f0244000-7f92f0e66000 rw-p 00000000 00:00 0 
7f92f0e66000-7f92f0e67000 ---p 00000000 00:00 0 
7f92f0e67000-7f92f0f67000 rw-p 00000000 00:00 0                          [stack:28943]
7f92f0f67000-7f92f0f68000 ---p 00000000 00:00 0 
7f92f0f68000-7f92f1090000 rw-p 00000000 00:00 0                          [stack:28942]
7f92f1090000-7f92f12db000 ---p 00000000 00:00 0 
7f92f12db000-7f92f1303000 rw-p 00000000 00:00 0 
7f92f1303000-7f92f154d000 ---p 00000000 00:00 0 
7f92f154d000-7f92f1571000 rw-p 00000000 00:00 0 
7f92f1571000-7f92f1687000 ---p 00000000 00:00 0 
7f92f1687000-7f92f1697000 rw-p 00000000 00:00 0 
7f92f1697000-7f92f1a48000 ---p 00000000 00:00 0 
7f92f1a48000-7f92f1a50000 r-xp 00000000 00:7c 85                         /usr/lib/jvm/java-8-openjdk-amd64/jre/lib/amd64/libzip.so
7f92f1a50000-7f92f1c4f000 ---p 00008000 00:7c 85                         /usr/lib/jvm/java-8-openjdk-amd64/jre/lib/amd64/libzip.so
7f92f1c4f000-7f92f1c50000 r--p 00007000 00:7c 85                         /usr/lib/jvm/java-8-openjdk-amd64/jre/lib/amd64/libzip.so
7f92f1c50000-7f92f1c51000 rw-p 00008000 00:7c 85                         /usr/lib/jvm/java-8-openjdk-amd64/jre/lib/amd64/libzip.so
7f92f1c51000-7f92f1c5c000 r-xp 00000000 00:7c 81                         /lib/x86_64-linux-gnu/libnss_files-2.19.so
7f92f1c5c000-7f92f1e5b000 ---p 0000b000 00:7c 81                         /lib/x86_64-linux-gnu/libnss_files-2.19.so
7f92f1e5b000-7f92f1e5c000 r--p 0000a000 00:7c 81                         /lib/x86_64-linux-gnu/libnss_files-2.19.so
7f92f1e5c000-7f92f1e5d000 rw-p 0000b000 00:7c 81                         /lib/x86_64-linux-gnu/libnss_files-2.19.so
7f92f1e5d000-7f92f1e67000 r-xp 00000000 00:7c 79                         /lib/x86_64-linux-gnu/libnss_nis-2.19.so
7f92f1e67000-7f92f2066000 ---p 0000a000 00:7c 79                         /lib/x86_64-linux-gnu/libnss_nis-2.19.so
7f92f2066000-7f92f2067000 r--p 00009000 00:7c 79                         /lib/x86_64-linux-gnu/libnss_nis-2.19.so
7f92f2067000-7f92f2068000 rw-p 0000a000 00:7c 79                         /lib/x86_64-linux-gnu/libnss_nis-2.19.so
7f92f2068000-7f92f207d000 r-xp 00000000 00:7c 77                         /lib/x86_64-linux-gnu/libnsl-2.19.so
7f92f207d000-7f92f227c000 ---p 00015000 00:7c 77                         /lib/x86_64-linux-gnu/libnsl-2.19.so
7f92f227c000-7f92f227d000 r--p 00014000 00:7c 77                         /lib/x86_64-linux-gnu/libnsl-2.19.so
7f92f227d000-7f92f227e000 rw-p 00015000 00:7c 77                         /lib/x86_64-linux-gnu/libnsl-2.19.so
7f92f227e000-7f92f2280000 rw-p 00000000 00:00 0 
7f92f2280000-7f92f2287000 r-xp 00000000 00:7c 75                         /lib/x86_64-linux-gnu/libnss_compat-2.19.so
7f92f2287000-7f92f2486000 ---p 00007000 00:7c 75                         /lib/x86_64-linux-gnu/libnss_compat-2.19.so
7f92f2486000-7f92f2487000 r--p 00006000 00:7c 75                         /lib/x86_64-linux-gnu/libnss_compat-2.19.so
7f92f2487000-7f92f2488000 rw-p 00007000 00:7c 75                         /lib/x86_64-linux-gnu/libnss_compat-2.19.so
7f92f2488000-7f92f24b6000 r-xp 00000000 00:7c 54                         /usr/lib/jvm/java-8-openjdk-amd64/jre/lib/amd64/libjava.so
7f92f24b6000-7f92f26b5000 ---p 0002e000 00:7c 54                         /usr/lib/jvm/java-8-openjdk-amd64/jre/lib/amd64/libjava.so
7f92f26b5000-7f92f26b6000 r--p 0002d000 00:7c 54                         /usr/lib/jvm/java-8-openjdk-amd64/jre/lib/amd64/libjava.so
7f92f26b6000-7f92f26b8000 rw-p 0002e000 00:7c 54                         /usr/lib/jvm/java-8-openjdk-amd64/jre/lib/amd64/libjava.so
7f92f26b8000-7f92f26c7000 r-xp 00000000 00:7c 68                         /usr/lib/jvm/java-8-openjdk-amd64/jre/lib/amd64/libverify.so
7f92f26c7000-7f92f28c7000 ---p 0000f000 00:7c 68                         /usr/lib/jvm/java-8-openjdk-amd64/jre/lib/amd64/libverify.so
7f92f28c7000-7f92f28ca000 r--p 0000f000 00:7c 68                         /usr/lib/jvm/java-8-openjdk-amd64/jre/lib/amd64/libverify.so
7f92f28ca000-7f92f28cb000 rw-p 00012000 00:7c 68                         /usr/lib/jvm/java-8-openjdk-amd64/jre/lib/amd64/libverify.so
7f92f28cb000-7f92f28d2000 r-xp 00000000 00:7c 67                         /lib/x86_64-linux-gnu/librt-2.19.so
7f92f28d2000-7f92f2ad1000 ---p 00007000 00:7c 67                         /lib/x86_64-linux-gnu/librt-2.19.so
7f92f2ad1000-7f92f2ad2000 r--p 00006000 00:7c 67                         /lib/x86_64-linux-gnu/librt-2.19.so
7f92f2ad2000-7f92f2ad3000 rw-p 00007000 00:7c 67                         /lib/x86_64-linux-gnu/librt-2.19.so
7f92f2ad3000-7f92f2ae9000 r-xp 00000000 00:7c 65                         /lib/x86_64-linux-gnu/libgcc_s.so.1
7f92f2ae9000-7f92f2ce8000 ---p 00016000 00:7c 65                         /lib/x86_64-linux-gnu/libgcc_s.so.1
7f92f2ce8000-7f92f2ce9000 rw-p 00015000 00:7c 65                         /lib/x86_64-linux-gnu/libgcc_s.so.1
7f92f2ce9000-7f92f2de9000 r-xp 00000000 00:7c 64                         /lib/x86_64-linux-gnu/libm-2.19.so
7f92f2de9000-7f92f2fe8000 ---p 00100000 00:7c 64                         /lib/x86_64-linux-gnu/libm-2.19.so
7f92f2fe8000-7f92f2fe9000 r--p 000ff000 00:7c 64                         /lib/x86_64-linux-gnu/libm-2.19.so
7f92f2fe9000-7f92f2fea000 rw-p 00100000 00:7c 64                         /lib/x86_64-linux-gnu/libm-2.19.so
7f92f2fea000-7f92f30d6000 r-xp 00000000 00:7c 62                         /usr/lib/x86_64-linux-gnu/libstdc++.so.6.0.20
7f92f30d6000-7f92f32d6000 ---p 000ec000 00:7c 62                         /usr/lib/x86_64-linux-gnu/libstdc++.so.6.0.20
7f92f32d6000-7f92f32de000 r--p 000ec000 00:7c 62                         /usr/lib/x86_64-linux-gnu/libstdc++.so.6.0.20
7f92f32de000-7f92f32e0000 rw-p 000f4000 00:7c 62                         /usr/lib/x86_64-linux-gnu/libstdc++.so.6.0.20
7f92f32e0000-7f92f32f5000 rw-p 00000000 00:00 0 
7f92f32f5000-7f92f3f8c000 r-xp 00000000 00:7c 59                         /usr/lib/jvm/java-8-openjdk-amd64/jre/lib/amd64/server/libjvm.so
7f92f3f8c000-7f92f418b000 ---p 00c97000 00:7c 59                         /usr/lib/jvm/java-8-openjdk-amd64/jre/lib/amd64/server/libjvm.so
7f92f418b000-7f92f422e000 r--p 00e96000 00:7c 59                         /usr/lib/jvm/java-8-openjdk-amd64/jre/lib/amd64/server/libjvm.so
7f92f422e000-7f92f4257000 rw-p 00f39000 00:7c 59                         /usr/lib/jvm/java-8-openjdk-amd64/jre/lib/amd64/server/libjvm.so
7f92f4257000-7f92f4288000 rw-p 00000000 00:00 0 
7f92f4288000-7f92f4429000 r-xp 00000000 00:7c 53                         /lib/x86_64-linux-gnu/libc-2.19.so
7f92f4429000-7f92f4629000 ---p 001a1000 00:7c 53                         /lib/x86_64-linux-gnu/libc-2.19.so
7f92f4629000-7f92f462d000 r--p 001a1000 00:7c 53                         /lib/x86_64-linux-gnu/libc-2.19.so
7f92f462d000-7f92f462f000 rw-p 001a5000 00:7c 53                         /lib/x86_64-linux-gnu/libc-2.19.so
7f92f462f000-7f92f4633000 rw-p 00000000 00:00 0 
7f92f4633000-7f92f4636000 r-xp 00000000 00:7c 51                         /lib/x86_64-linux-gnu/libdl-2.19.so
7f92f4636000-7f92f4835000 ---p 00003000 00:7c 51                         /lib/x86_64-linux-gnu/libdl-2.19.so
7f92f4835000-7f92f4836000 r--p 00002000 00:7c 51                         /lib/x86_64-linux-gnu/libdl-2.19.so
7f92f4836000-7f92f4837000 rw-p 00003000 00:7c 51                         /lib/x86_64-linux-gnu/libdl-2.19.so
7f92f4837000-7f92f4845000 r-xp 00000000 00:7c 49                         /usr/lib/jvm/java-8-openjdk-amd64/jre/lib/amd64/jli/libjli.so
7f92f4845000-7f92f4a44000 ---p 0000e000 00:7c 49                         /usr/lib/jvm/java-8-openjdk-amd64/jre/lib/amd64/jli/libjli.so
7f92f4a44000-7f92f4a45000 r--p 0000d000 00:7c 49                         /usr/lib/jvm/java-8-openjdk-amd64/jre/lib/amd64/jli/libjli.so
7f92f4a45000-7f92f4a46000 rw-p 0000e000 00:7c 49                         /usr/lib/jvm/java-8-openjdk-amd64/jre/lib/amd64/jli/libjli.so
7f92f4a46000-7f92f4a60000 r-xp 00000000 00:7c 48                         /lib/x86_64-linux-gnu/libz.so.1.2.8
7f92f4a60000-7f92f4c5f000 ---p 0001a000 00:7c 48                         /lib/x86_64-linux-gnu/libz.so.1.2.8
7f92f4c5f000-7f92f4c60000 r--p 00019000 00:7c 48                         /lib/x86_64-linux-gnu/libz.so.1.2.8
7f92f4c60000-7f92f4c61000 rw-p 0001a000 00:7c 48                         /lib/x86_64-linux-gnu/libz.so.1.2.8
7f92f4c61000-7f92f4c79000 r-xp 00000000 00:7c 46                         /lib/x86_64-linux-gnu/libpthread-2.19.so
7f92f4c79000-7f92f4e78000 ---p 00018000 00:7c 46                         /lib/x86_64-linux-gnu/libpthread-2.19.so
7f92f4e78000-7f92f4e79000 r--p 00017000 00:7c 46                         /lib/x86_64-linux-gnu/libpthread-2.19.so
7f92f4e79000-7f92f4e7a000 rw-p 00018000 00:7c 46                         /lib/x86_64-linux-gnu/libpthread-2.19.so
7f92f4e7a000-7f92f4e7e000 rw-p 00000000 00:00 0 
7f92f4e7e000-7f92f4e9e000 r-xp 00000000 00:7c 40                         /lib/x86_64-linux-gnu/ld-2.19.so
7f92f4e9e000-7f92f4e9f000 rw-p 00000000 00:00 0 
7f92f4e9f000-7f92f4ea2000 r--s 0000f000 00:7c 120                        /usr/lib/jvm/java-8-openjdk-amd64/jre/lib/ext/icedtea-sound.jar
7f92f4ea2000-7f92f4ea3000 r--s 0000a000 00:7c 119                        /usr/lib/jvm/java-8-openjdk-amd64/jre/lib/ext/jaccess.jar
7f92f4ea3000-7f92f4ea4000 r--s 00010000 00:7c 118                        /usr/lib/jvm/java-8-openjdk-amd64/jre/lib/ext/zipfs.jar
7f92f4ea4000-7f92f4ea6000 r--s 00001000 00:7c 117                        /usr/lib/jvm/java-8-openjdk-amd64/jre/lib/ext/dnsns.jar
7f92f4ea6000-7f92f4ea8000 r--s 00006000 00:7c 129                        /usr/share/java/java-atk-wrapper.jar
7f92f4ea8000-7f92f4eaa000 r--s 00008000 00:7c 115                        /usr/lib/jvm/java-8-openjdk-amd64/jre/lib/ext/sunec.jar
7f92f4eaa000-7f92f4eae000 r--s 00037000 00:7c 113                        /usr/lib/jvm/java-8-openjdk-amd64/jre/lib/ext/sunpkcs11.jar
7f92f4eae000-7f92f4eaf000 r--p 00000000 00:7c 109                        /usr/lib/locale/C.UTF-8/LC_NUMERIC
7f92f4eaf000-7f92f4eb0000 r--p 00000000 00:7c 108                        /usr/lib/locale/C.UTF-8/LC_TIME
7f92f4eb0000-7f92f4eb1000 r--p 00000000 00:7c 106                        /usr/lib/locale/C.UTF-8/LC_MONETARY
7f92f4eb1000-7f92f4eb2000 r--p 00000000 00:7c 105                        /usr/lib/locale/C.UTF-8/LC_MESSAGES/SYS_LC_MESSAGES
7f92f4eb2000-7f92f4eb3000 r--p 00000000 00:7c 103                        /usr/lib/locale/C.UTF-8/LC_PAPER
7f92f4eb3000-7f92f4eb4000 r--p 00000000 00:7c 102                        /usr/lib/locale/C.UTF-8/LC_NAME
7f92f4eb4000-7f92f4ebb000 r--s 00000000 00:7c 98                         /usr/lib/x86_64-linux-gnu/gconv/gconv-modules.cache
7f92f4ebb000-7f92f4f88000 rw-p 00000000 00:00 0 
7f92f4f88000-7f92f4f90000 rw-s 00000000 00:7c 84                         /tmp/hsperfdata_root/1
7f92f4f90000-7f92f4f93000 ---p 00000000 00:00 0 
7f92f4f93000-7f92f5096000 rw-p 00000000 00:00 0                          [stack:28941]
7f92f5096000-7f92f5097000 r--p 00000000 00:7c 101                        /usr/lib/locale/C.UTF-8/LC_ADDRESS
7f92f5097000-7f92f5098000 r--p 00000000 00:7c 100                        /usr/lib/locale/C.UTF-8/LC_TELEPHONE
7f92f5098000-7f92f5099000 r--p 00000000 00:7c 99                         /usr/lib/locale/C.UTF-8/LC_MEASUREMENT
7f92f5099000-7f92f509a000 r--p 00000000 00:7c 96                         /usr/lib/locale/C.UTF-8/LC_IDENTIFICATION
7f92f509a000-7f92f509b000 rw-p 00000000 00:00 0 
7f92f509b000-7f92f509c000 ---p 00000000 00:00 0 
7f92f509c000-7f92f509e000 rw-p 00000000 00:00 0 
7f92f509e000-7f92f509f000 r--p 00020000 00:7c 40                         /lib/x86_64-linux-gnu/ld-2.19.so
7f92f509f000-7f92f50a0000 rw-p 00021000 00:7c 40                         /lib/x86_64-linux-gnu/ld-2.19.so
7f92f50a0000-7f92f50a1000 rw-p 00000000 00:00 0 
7ffeca1dd000-7ffeca1fe000 rw-p 00000000 00:00 0                          [stack]
7ffeca1fe000-7ffeca200000 r-xp 00000000 00:00 0                          [vdso]
ffffffffff600000-ffffffffff601000 r-xp 00000000 00:00 0                  [vsyscall]

VM Arguments:
java_command: target/eurekaserver-0.0.1-SNAPSHOT.jar
java_class_path (initial): target/eurekaserver-0.0.1-SNAPSHOT.jar
Launcher Type: SUN_STANDARD

Environment Variables:
JAVA_HOME=/usr/lib/jvm/java-8-openjdk-amd64
PATH=/usr/local/sbin:/usr/local/bin:/usr/sbin:/usr/bin:/sbin:/bin

Signal Handlers:
SIGSEGV: [libjvm.so+0xa966f0], sa_mask[0]=11111111011111111101111111111110, sa_flags=SA_RESTART|SA_SIGINFO
SIGBUS: [libjvm.so+0xa966f0], sa_mask[0]=11111111011111111101111111111110, sa_flags=SA_RESTART|SA_SIGINFO
SIGFPE: [libjvm.so+0x8dda60], sa_mask[0]=11111111011111111101111111111110, sa_flags=SA_RESTART|SA_SIGINFO
SIGPIPE: [libjvm.so+0x8dda60], sa_mask[0]=11111111011111111101111111111110, sa_flags=SA_RESTART|SA_SIGINFO
SIGXFSZ: [libjvm.so+0x8dda60], sa_mask[0]=11111111011111111101111111111110, sa_flags=SA_RESTART|SA_SIGINFO
SIGILL: [libjvm.so+0x8dda60], sa_mask[0]=11111111011111111101111111111110, sa_flags=SA_RESTART|SA_SIGINFO
SIGUSR1: SIG_DFL, sa_mask[0]=00000000000000000000000000000000, sa_flags=none
SIGUSR2: [libjvm.so+0x8dd910], sa_mask[0]=00000000000000000000000000000000, sa_flags=SA_RESTART|SA_SIGINFO
SIGHUP: [libjvm.so+0x8ddb30], sa_mask[0]=11111111011111111101111111111110, sa_flags=SA_RESTART|SA_SIGINFO
SIGINT: [libjvm.so+0x8ddb30], sa_mask[0]=11111111011111111101111111111110, sa_flags=SA_RESTART|SA_SIGINFO
SIGTERM: [libjvm.so+0x8ddb30], sa_mask[0]=11111111011111111101111111111110, sa_flags=SA_RESTART|SA_SIGINFO
SIGQUIT: [libjvm.so+0x8ddb30], sa_mask[0]=11111111011111111101111111111110, sa_flags=SA_RESTART|SA_SIGINFO


---------------  S Y S T E M  ---------------

OS:PRETTY_NAME="Debian GNU/Linux 8 (jessie)"
NAME="Debian GNU/Linux"
VERSION_ID="8"
VERSION="8 (jessie)"
ID=debian
HOME_URL="http://www.debian.org/"
SUPPORT_URL="http://www.debian.org/support"
BUG_REPORT_URL="https://bugs.debian.org/"

uname:Linux 3.13.0-106-generic #153-Ubuntu SMP Tue Dec 6 15:44:32 UTC 2016 x86_64
libc:glibc 2.19 NPTL 2.19 
rlimit: STACK 8192k, CORE 0k, NPROC infinity, NOFILE 1048576, AS infinity
load average:1.43 0.88 0.63

/proc/meminfo:
MemTotal:        7693692 kB
MemFree:           40896 kB
Buffers:             312 kB
Cached:            98316 kB
SwapCached:            0 kB
Active:          7439204 kB
Inactive:          33732 kB
Active(anon):    7436364 kB
Inactive(anon):    26844 kB
Active(file):       2840 kB
Inactive(file):     6888 kB
Unevictable:           0 kB
Mlocked:               0 kB
SwapTotal:             0 kB
SwapFree:              0 kB
Dirty:                80 kB
Writeback:             0 kB
AnonPages:       7374404 kB
Mapped:            16124 kB
Shmem:             88812 kB
Slab:              68272 kB
SReclaimable:      32272 kB
SUnreclaim:        36000 kB
KernelStack:        7872 kB
PageTables:        29628 kB
NFS_Unstable:          0 kB
Bounce:                0 kB
WritebackTmp:          0 kB
CommitLimit:     3846844 kB
Committed_AS:   12367900 kB
VmallocTotal:   34359738367 kB
VmallocUsed:       23148 kB
VmallocChunk:   34359650872 kB
HardwareCorrupted:     0 kB
AnonHugePages:         0 kB
DirectMap4k:     7872512 kB
DirectMap2M:           0 kB


CPU:total 2 (16 cores per cpu, 2 threads per core) family 6 model 62 stepping 4, cmov, cx8, fxsr, mmx, sse, sse2, sse3, ssse3, sse4.1, sse4.2, popcnt, aes, clmul, erms, ht, tsc

/proc/cpuinfo:
processor	: 0
vendor_id	: GenuineIntel
cpu family	: 6
model		: 62
model name	: Intel(R) Xeon(R) CPU E5-2670 v2 @ 2.50GHz
stepping	: 4
microcode	: 0x428
cpu MHz		: 2500.054
cache size	: 25600 KB
physical id	: 0
siblings	: 2
core id		: 0
cpu cores	: 1
apicid		: 0
initial apicid	: 0
fpu		: yes
fpu_exception	: yes
cpuid level	: 13
wp		: yes
flags		: fpu de tsc msr pae cx8 apic sep cmov pat clflush mmx fxsr sse sse2 ss ht syscall nx lm constant_tsc rep_good nopl pni pclmulqdq ssse3 cx16 sse4_1 sse4_2 popcnt tsc_deadline_timer aes rdrand hypervisor lahf_lm ida arat epb pln pts dtherm fsgsbase erms
bogomips	: 5000.10
clflush size	: 64
cache_alignment	: 64
address sizes	: 46 bits physical, 48 bits virtual
power management:

processor	: 1
vendor_id	: GenuineIntel
cpu family	: 6
model		: 62
model name	: Intel(R) Xeon(R) CPU E5-2670 v2 @ 2.50GHz
stepping	: 4
microcode	: 0x428
cpu MHz		: 2500.054
cache size	: 25600 KB
physical id	: 0
siblings	: 2
core id		: 0
cpu cores	: 1
apicid		: 0
initial apicid	: 0
fpu		: yes
fpu_exception	: yes
cpuid level	: 13
wp		: yes
flags		: fpu de tsc msr pae cx8 apic sep cmov pat clflush mmx fxsr sse sse2 ss ht syscall nx lm constant_tsc rep_good nopl pni pclmulqdq ssse3 cx16 sse4_1 sse4_2 popcnt tsc_deadline_timer aes rdrand hypervisor lahf_lm ida arat epb pln pts dtherm fsgsbase erms
bogomips	: 5000.10
clflush size	: 64
cache_alignment	: 64
address sizes	: 46 bits physical, 48 bits virtual
power management:



Memory: 4k page, physical 7693692k(40680k free), swap 0k(0k free)

vm_info: OpenJDK 64-Bit Server VM (25.111-b14) for linux-amd64 JRE (1.8.0_111-8u111-b14-2~bpo8+1-b14), built on Oct 25 2016 14:12:04 by "pbuilder" with gcc 4.9.2

time: Mon Jan 30 12:40:31 2017
elapsed time: 3 seconds (0d 0h 0m 3s)

